make.exe all --print-data-base --no-builtin-variables --no-builtin-rules --question
# GNU Make 3.81
# Copyright (C) 2006  Free Software Foundation, Inc.
# This is free software; see the source for copying conditions.
# There is NO warranty; not even for MERCHANTABILITY or FITNESS FOR A
# PARTICULAR PURPOSE.

# This program built for i386-pc-mingw32
 

# Make data base, printed on Thu Sep 16 11:37:05 2021

# Variables

# automatic
<D = $(patsubst %/,%,$(dir $<))
# automatic
?F = $(notdir $?)
# makefile (from `makefile', line 6)
SRC = project_main.c src/Activity_1.c src/Activity_2.c src/Activity_3.c src/Activity_4.c
# makefile
MAKEFLAGS = Rrqp
# environment
VSCODE_LOG_NATIVE = false
# automatic
?D = $(patsubst %/,%,$(dir $?))
# automatic
@D = $(patsubst %/,%,$(dir $@))
# environment
HOMEDRIVE = C:
# automatic
@F = $(notdir $@)
# automatic
^D = $(patsubst %/,%,$(dir $^))
# makefile
CURDIR := c:/Users/LENOVO/Desktop/embedded dwnld/Embedded-sys-main
# default
SHELL := C:/WinAVR-20100110/utils/bin/sh.exe
# makefile (from `makefile', line 26)
RM = del /q
# environment
WINDIR = C:\WINDOWS
# environment
VSCODE_NLS_CONFIG = {"locale":"en-us","availableLanguages":{},"_languagePackSupport":true}
# environment
ONEDRIVE = C:\Users\LENOVO\OneDrive
# environment
PATHEXT = .COM;.EXE;.BAT;.CMD;.VBS;.VBE;.JS;.JSE;.WSF;.WSH;.MSC;.PY;.PYW
# makefile (from `makefile', line 1)
 
MAKEFILE_LIST :=  makefile
# environment
FPS_BROWSER_USER_PROFILE_STRING = Default
# environment
TMP = C:\Users\LENOVO\AppData\Local\Temp
# environment
VSCODE_VERBOSE_LOGGING = true
# environment
PROGRAMW6432 = C:\Program Files
# environment
PROGRAMDATA = C:\ProgramData
# environment
VSCODE_IPC_HOOK_EXTHOST = \\.\pipe\vscode-ipc-6bfda145-d922-4c49-a1fb-b4c942836de9-sock
# environment
VSCODE_CWD = C:\Users\LENOVO\AppData\Local\Programs\Microsoft VS Code
# environment
PATH = C:\WinAVR-20100110\bin;C:\WinAVR-20100110\utils\bin;C:\Program Files\Common Files\Oracle\Java\javapath;C:\python9\Scripts\;C:\python9\;C:\WINDOWS\system32;C:\WINDOWS;C:\WINDOWS\System32\Wbem;C:\WINDOWS\System32\WindowsPowerShell\v1.0\;C:\WINDOWS\System32\OpenSSH\;C:\Program Files\Git\cmd;C:\MinGW\bin;C:\Program Files (x86)\GnuWin32\bin;C:\Users\LENOVO\AppData\Local\Microsoft\WindowsApps;C:\Users\LENOVO\AppData\Local\Programs\Microsoft VS Code\bin;C:\Users\LENOVO\AppData\Local\Pandoc\;C:\Program Files\heroku\bin;C:\Program Files (x86)\GnuWin32\bin;C:\MinGW\bin;C:\WinAVR-20100110\bin;C:\Users\LENOVO\Desktop\embedded\cpp check\cppcheck-2.5;
# environment
COMMONPROGRAMW6432 = C:\Program Files\Common Files
# environment
PROCESSOR_ARCHITECTURE = x86
# environment
USERPROFILE = C:\Users\LENOVO
# environment
ALLUSERSPROFILE = C:\ProgramData
# makefile (from `makefile', line 18)
AVRDUDE := avrdude
# environment
VSCODE_LOG_STACK = false
# environment
NUMBER_OF_PROCESSORS = 2
# environment
ELECTRON_RUN_AS_NODE = 1
# default
.FEATURES := target-specific order-only second-expansion else-if archives
# automatic
%F = $(notdir $%)
# makefile (from `makefile', line 28)
FixPath = $(subst /,\,$1)
# environment
CHROME_CRASHPAD_PIPE_NAME = \\.\pipe\crashpad_10140_XMHJURJLLFMZTCTR
# makefile (from `makefile', line 21)
HFLAGS = -j .text -j .data -O ihex
# environment
VSCODE_PIPE_LOGGING = true
# environment
COMPUTERNAME = LAPTOP-1HT0526P
# environment
PROGRAMFILES = C:\Program Files (x86)
# environment
DRIVERDATA = C:\Windows\System32\Drivers\DriverData
# environment
ORIGINAL_XDG_CURRENT_DESKTOP = undefined
# environment
AVR32_HOME = C:\WinAVR-20100110
# environment
USERNAME = LENOVO
# environment
PUBLIC = C:\Users\Public
# environment
VSCODE_AMD_ENTRYPOINT = vs/workbench/services/extensions/node/extensionHostProcess
# environment
VSCODE_CODE_CACHE_PATH = C:\Users\LENOVO\AppData\Roaming\Code\CachedData\83bd43bc519d15e50c4272c6cf5c1479df196a4d
# environment
APPLICATION_INSIGHTS_NO_DIAGNOSTIC_CHANNEL = true
# environment
COMMONPROGRAMFILES = C:\Program Files (x86)\Common Files
# environment
LOGONSERVER = \\LAPTOP-1HT0526P
# environment
ONEDRIVECONSUMER = C:\Users\LENOVO\OneDrive
# environment
VSCODE_HANDLES_UNCAUGHT_ERRORS = true
# environment
USERDOMAIN = LAPTOP-1HT0526P
# default
MAKE = $(MAKE_COMMAND)
# default
MAKECMDGOALS := all
# makefile (from `makefile', line 30)
CC = avr-gcc.exe
# makefile (from `makefile', line 3)
BUILD_DIR = Build
# makefile (from `makefile', line 32)
AVR_OBJ_CPY = avr-objcopy.exe
# default
MAKE_VERSION := 3.81
# makefile
.DEFAULT_GOAL := all
# environment
PROGRAMFILES(X86) = C:\Program Files (x86)
# automatic
%D = $(patsubst %/,%,$(dir $%))
# environment
LOCALAPPDATA = C:\Users\LENOVO\AppData\Local
# environment
PSMODULEPATH = C:\Program Files\WindowsPowerShell\Modules;C:\WINDOWS\system32\WindowsPowerShell\v1.0\Modules
# default
MAKE_COMMAND := make.exe
# makefile (from `makefile', line 15)
INC = -I inc
# environment
PROCESSOR_ARCHITEW6432 = AMD64
# default
.VARIABLES := 
# automatic
*F = $(notdir $*)
# environment
PROCESSOR_IDENTIFIER = AMD64 Family 23 Model 24 Stepping 1, AuthenticAMD
# environment
OS = Windows_NT
# environment
VSCODE_IPC_HOOK = \\.\pipe\0ae98414ad0d9c7d28fffada35881052-1.60.1-main-sock
# environment
HOMEPATH = \Users\LENOVO
# environment
COMMONPROGRAMFILES(X86) = C:\Program Files (x86)\Common Files
# environment
PROMPT = $P$G
# environment
MFLAGS = -Rrqp
# automatic
*D = $(patsubst %/,%,$(dir $*))
# environment
SYSTEMROOT = C:\WINDOWS
# automatic
+D = $(patsubst %/,%,$(dir $+))
# automatic
+F = $(notdir $+)
# environment
APPDATA = C:\Users\LENOVO\AppData\Roaming
# environment
TEMP = C:\Users\LENOVO\AppData\Local\Temp
# environment
COMSPEC = C:\WINDOWS\system32\cmd.exe
# default
MAKEFILES := 
# automatic
<F = $(notdir $<)
# environment
LC_ALL = C
# automatic
^F = $(notdir $^)
# default
SUFFIXES := 
# environment
SYSTEMDRIVE = C:
# environment
SESSIONNAME = Console
# environment
PROCESSOR_REVISION = 1801
# environment
VBOX_HWVIRTEX_IGNORE_SVM_IN_USE = 1
# makefile (from `makefile', line 1)
PROJ_NAME = Activities
# environment
MAKELEVEL := 0
# environment
LANG = C
# environment
PROCESSOR_LEVEL = 23
# environment
FPS_BROWSER_APP_PROFILE_STRING = Internet Explorer
# environment
VSCODE_PID = 10140
# environment
USERDOMAIN_ROAMINGPROFILE = LAPTOP-1HT0526P
# variable set hash-table stats:
# Load=101/1024=10%, Rehash=0, Collisions=14/137=10%

# Pattern-specific Variable Values

# No pattern-specific variable values.

# Directories

# . (key c:/Users/LENOVO/Desktop/embedded dwnld/Embedded-sys-main, mtime 1631770256): 13 files, no impossibilities.
# C:\WinAVR-20100110\bin (key C:/WinAVR-20100110/bin, mtime 1631278826): 75 files, no impossibilities.
# C:\WinAVR-20100110\utils\bin (key C:/WinAVR-20100110/utils/bin, mtime 1631278878): 99 files, no impossibilities so far.

# 187 files, no impossibilities in 3 directories.

# Implicit Rules

# No implicit rules.

# Files

all: Build
#  Phony target (prerequisite of .PHONY).
#  Command-line target.
#  Implicit rule search has not been done.
#  Implicit/static pattern stem: `'
#  File does not exist.
#  File has been updated.
#  Needs to be updated (-q is set).
# automatic
# @ := all
# automatic
# % := 
# automatic
# * := 
# automatic
# + := Build
# automatic
# | := 
# automatic
# < := Build
# automatic
# ^ := Build
# automatic
# ? := Build
# variable set hash-table stats:
# Load=8/32=25%, Rehash=0, Collisions=3/17=18%
#  commands to execute (from `makefile', line 50):
	# Compile the code and generate the ELF file
	$(CC) -g -Wall -Os -mmcu=atmega328 -DF_CPU=16000000UL $(INC) $(SRC) -o $(call FixPath,$(BUILD_DIR)/$(PROJ_NAME).elf)
	

# Not a target:
src/Activity_3.c:
#  Implicit rule search has not been done.
#  Modification time never checked.
#  File has not been updated.

.PHONY: all analysis clean doc
#  Implicit rule search has not been done.
#  Modification time never checked.
#  File has not been updated.

# Not a target:
.DEFAULT:
#  Implicit rule search has not been done.
#  Modification time never checked.
#  File has not been updated.

# Not a target:
project_main.c:
#  Implicit rule search has not been done.
#  Modification time never checked.
#  File has not been updated.

# Not a target:
Build\Activities.elf:
#  Implicit rule search has not been done.
#  Modification time never checked.
#  File has not been updated.

# Not a target:
makefile:
#  Implicit rule search has been done.
#  Last modified 2021-04-30 17:03:29
#  File has been updated.
#  Successfully updated.
# variable set hash-table stats:
# Load=0/32=0%, Rehash=0, Collisions=0/0=0%

Build:
#  Implicit rule search has not been done.
#  Last modified 2021-09-16 11:03:48
#  File has been updated.
#  Successfully updated.
#  commands to execute (from `makefile', line 58):
	# Create directory to store the built files
	mkdir $(BUILD_DIR)
	

# Not a target:
.SUFFIXES:
#  Implicit rule search has not been done.
#  Modification time never checked.
#  File has not been updated.

# Not a target:
src/Activity_1.c:
#  Implicit rule search has not been done.
#  Modification time never checked.
#  File has not been updated.

analysis: project_main.c src/Activity_1.c src/Activity_2.c src/Activity_3.c src/Activity_4.c
#  Phony target (prerequisite of .PHONY).
#  Implicit rule search has not been done.
#  File does not exist.
#  File has not been updated.
#  commands to execute (from `makefile', line 62):
	#Analyse the code using Cppcheck command line utility
	cppcheck --enable=all $^
	

hex: Build\Activities.elf
#  Implicit rule search has not been done.
#  Modification time never checked.
#  File has not been updated.
#  commands to execute (from `makefile', line 54):
	#create hex file
	$(AVR_OBJ_CPY) $(HFLAGS) $< $(call FixPath,$(BUILD_DIR)/$(PROJ_NAME).hex)
	

clean:
#  Phony target (prerequisite of .PHONY).
#  Implicit rule search has not been done.
#  File does not exist.
#  File has not been updated.
#  commands to execute (from `makefile', line 70):
	# Remove all the build files and generated document files
	rm -rf Build
	make -C documentation clean
	

# Not a target:
src/Activity_2.c:
#  Implicit rule search has not been done.
#  Modification time never checked.
#  File has not been updated.

# Not a target:
src/Activity_4.c:
#  Implicit rule search has not been done.
#  Modification time never checked.
#  File has not been updated.

doc:
#  Phony target (prerequisite of .PHONY).
#  Implicit rule search has not been done.
#  File does not exist.
#  File has not been updated.
#  commands to execute (from `makefile', line 66):
	#Build the code code documentation using Doxygen command line utility
	make -C documentation
	

# files hash-table stats:
# Load=16/1024=2%, Rehash=0, Collisions=0/40=0%
# VPATH Search Paths

# No `vpath' search paths.

# No general (`VPATH' variable) search path.

# # of strings in strcache: 1
# # of strcache buffers: 1
# strcache size: total = 4096 / max = 4096 / min = 4096 / avg = 4096
# strcache free: total = 4087 / max = 4087 / min = 4087 / avg = 4087

# Finished Make data base on Thu Sep 16 11:37:06 2021

 
